d:\users\xinfolab\documents\visual studio 2015\projects\log_parser\log_parser\debug\log_parser.pch.codeanalysis
d:\users\xinfolab\documents\visual studio 2015\projects\log_parser\log_parser\debug\vc140.pdb
d:\users\xinfolab\documents\visual studio 2015\projects\log_parser\log_parser\debug\vc140.idb
d:\users\xinfolab\documents\visual studio 2015\projects\log_parser\log_parser\debug\log_parser.pch.codeanalysisast
d:\users\xinfolab\documents\visual studio 2015\projects\log_parser\log_parser\debug\stdafx.nativecodeanalysis.xml
d:\users\xinfolab\documents\visual studio 2015\projects\log_parser\log_parser\debug\stdafx.obj
d:\users\xinfolab\documents\visual studio 2015\projects\log_parser\log_parser\debug\log_parser.nativecodeanalysis.xml
d:\users\xinfolab\documents\visual studio 2015\projects\log_parser\log_parser\debug\log_parser.obj
d:\users\xinfolab\documents\visual studio 2015\projects\log_parser\debug\log_parser.ilk
d:\users\xinfolab\documents\visual studio 2015\projects\log_parser\debug\log_parser.exe
d:\users\xinfolab\documents\visual studio 2015\projects\log_parser\debug\log_parser.pdb
d:\users\xinfolab\documents\visual studio 2015\projects\log_parser\log_parser\debug\nativecodeanalysis.read.1.tlog
d:\users\xinfolab\documents\visual studio 2015\projects\log_parser\log_parser\debug\vc.nativecodeanalysis.all.xml
d:\users\xinfolab\documents\visual studio 2015\projects\log_parser\debug\log_parser.exe.lastcodeanalysissucceeded
d:\users\xinfolab\documents\visual studio 2015\projects\log_parser\log_parser\debug\log_parser.tlog\cl.command.1.tlog
d:\users\xinfolab\documents\visual studio 2015\projects\log_parser\log_parser\debug\log_parser.tlog\cl.read.1.tlog
d:\users\xinfolab\documents\visual studio 2015\projects\log_parser\log_parser\debug\log_parser.tlog\cl.write.1.tlog
d:\users\xinfolab\documents\visual studio 2015\projects\log_parser\log_parser\debug\log_parser.tlog\link.command.1.tlog
d:\users\xinfolab\documents\visual studio 2015\projects\log_parser\log_parser\debug\log_parser.tlog\link.read.1.tlog
d:\users\xinfolab\documents\visual studio 2015\projects\log_parser\log_parser\debug\log_parser.tlog\link.write.1.tlog
